{"C:\\Users\\juang\\Desktop\\rbworkspace\\R-B-Workspace\\packages\\express-backend\\backend.js": {"path":"C:\\Users\\juang\\Desktop\\rbworkspace\\R-B-Workspace\\packages\\express-backend\\backend.js","statementMap":{"0":{"start":{"line":6,"column":12},"end":{"line":6,"column":21}},"1":{"start":{"line":7,"column":13},"end":{"line":7,"column":17}},"2":{"start":{"line":9,"column":0},"end":{"line":9,"column":24}},"3":{"start":{"line":10,"column":0},"end":{"line":10,"column":16}},"4":{"start":{"line":11,"column":0},"end":{"line":13,"column":3}},"5":{"start":{"line":12,"column":2},"end":{"line":12,"column":42}},"6":{"start":{"line":15,"column":0},"end":{"line":17,"column":3}},"7":{"start":{"line":16,"column":2},"end":{"line":16,"column":17}},"8":{"start":{"line":19,"column":0},"end":{"line":28,"column":3}},"9":{"start":{"line":20,"column":2},"end":{"line":20,"column":37}},"10":{"start":{"line":22,"column":15},"end":{"line":22,"column":30}},"11":{"start":{"line":23,"column":18},"end":{"line":23,"column":36}},"12":{"start":{"line":24,"column":16},"end":{"line":24,"column":48}},"13":{"start":{"line":26,"column":2},"end":{"line":26,"column":45}},"14":{"start":{"line":27,"column":2},"end":{"line":27,"column":34}},"15":{"start":{"line":30,"column":0},"end":{"line":40,"column":3}},"16":{"start":{"line":31,"column":2},"end":{"line":31,"column":50}},"17":{"start":{"line":33,"column":18},"end":{"line":33,"column":36}},"18":{"start":{"line":34,"column":16},"end":{"line":34,"column":49}},"19":{"start":{"line":36,"column":2},"end":{"line":38,"column":4}},"20":{"start":{"line":39,"column":2},"end":{"line":39,"column":30}},"21":{"start":{"line":42,"column":0},"end":{"line":49,"column":3}},"22":{"start":{"line":43,"column":2},"end":{"line":43,"column":58}},"23":{"start":{"line":45,"column":2},"end":{"line":45,"column":30}},"24":{"start":{"line":47,"column":2},"end":{"line":47,"column":57}},"25":{"start":{"line":48,"column":2},"end":{"line":48,"column":25}},"26":{"start":{"line":51,"column":0},"end":{"line":58,"column":3}},"27":{"start":{"line":52,"column":2},"end":{"line":52,"column":40}},"28":{"start":{"line":54,"column":13},"end":{"line":54,"column":59}},"29":{"start":{"line":56,"column":2},"end":{"line":56,"column":61}},"30":{"start":{"line":57,"column":2},"end":{"line":57,"column":27}}},"fnMap":{"0":{"name":"(anonymous_0)","decl":{"start":{"line":11,"column":17},"end":{"line":11,"column":18}},"loc":{"start":{"line":11,"column":23},"end":{"line":13,"column":1}},"line":11},"1":{"name":"(anonymous_1)","decl":{"start":{"line":15,"column":13},"end":{"line":15,"column":14}},"loc":{"start":{"line":15,"column":27},"end":{"line":17,"column":1}},"line":15},"2":{"name":"(anonymous_2)","decl":{"start":{"line":19,"column":43},"end":{"line":19,"column":44}},"loc":{"start":{"line":19,"column":63},"end":{"line":28,"column":1}},"line":19},"3":{"name":"(anonymous_3)","decl":{"start":{"line":30,"column":40},"end":{"line":30,"column":41}},"loc":{"start":{"line":30,"column":60},"end":{"line":40,"column":1}},"line":30},"4":{"name":"(anonymous_4)","decl":{"start":{"line":42,"column":22},"end":{"line":42,"column":23}},"loc":{"start":{"line":42,"column":42},"end":{"line":49,"column":1}},"line":42},"5":{"name":"(anonymous_5)","decl":{"start":{"line":51,"column":30},"end":{"line":51,"column":31}},"loc":{"start":{"line":51,"column":50},"end":{"line":58,"column":1}},"line":51}},"branchMap":{},"s":{"0":1,"1":1,"2":1,"3":1,"4":1,"5":1,"6":1,"7":1,"8":1,"9":1,"10":1,"11":1,"12":1,"13":1,"14":1,"15":1,"16":1,"17":1,"18":1,"19":1,"20":1,"21":1,"22":1,"23":1,"24":1,"25":1,"26":1,"27":1,"28":1,"29":1,"30":1},"f":{"0":1,"1":1,"2":1,"3":1,"4":1,"5":1},"b":{},"inputSourceMap":null,"_coverageSchema":"1a1c01bbd47fc00a2c39e90264f33305004495a9","hash":"1be84e0c94b8101f3ef7433497e6f4d10fab2b6c"}
,"C:\\Users\\juang\\Desktop\\rbworkspace\\R-B-Workspace\\packages\\express-backend\\gemini.js": {"path":"C:\\Users\\juang\\Desktop\\rbworkspace\\R-B-Workspace\\packages\\express-backend\\gemini.js","statementMap":{"0":{"start":{"line":8,"column":11},"end":{"line":8,"column":66}},"1":{"start":{"line":9,"column":11},"end":{"line":9,"column":15}},"2":{"start":{"line":12,"column":2},"end":{"line":12,"column":41}},"3":{"start":{"line":13,"column":2},"end":{"line":28,"column":3}},"4":{"start":{"line":14,"column":15},"end":{"line":14,"column":50}},"5":{"start":{"line":15,"column":18},"end":{"line":15,"column":59}},"6":{"start":{"line":16,"column":4},"end":{"line":27,"column":7}},"7":{"start":{"line":29,"column":2},"end":{"line":29,"column":31}},"8":{"start":{"line":30,"column":19},"end":{"line":32,"column":4}},"9":{"start":{"line":33,"column":2},"end":{"line":33,"column":40}},"10":{"start":{"line":34,"column":2},"end":{"line":34,"column":23}},"11":{"start":{"line":38,"column":2},"end":{"line":38,"column":48}},"12":{"start":{"line":39,"column":16},"end":{"line":39,"column":57}},"13":{"start":{"line":40,"column":2},"end":{"line":40,"column":21}},"14":{"start":{"line":41,"column":19},"end":{"line":50,"column":4}},"15":{"start":{"line":52,"column":2},"end":{"line":55,"column":5}},"16":{"start":{"line":56,"column":2},"end":{"line":56,"column":29}},"17":{"start":{"line":57,"column":2},"end":{"line":57,"column":47}},"18":{"start":{"line":61,"column":2},"end":{"line":61,"column":48}},"19":{"start":{"line":62,"column":2},"end":{"line":73,"column":3}},"20":{"start":{"line":63,"column":21},"end":{"line":68,"column":6}},"21":{"start":{"line":69,"column":4},"end":{"line":69,"column":49}},"22":{"start":{"line":70,"column":4},"end":{"line":70,"column":25}},"23":{"start":{"line":72,"column":4},"end":{"line":72,"column":60}}},"fnMap":{"0":{"name":"main","decl":{"start":{"line":11,"column":15},"end":{"line":11,"column":19}},"loc":{"start":{"line":11,"column":37},"end":{"line":35,"column":1}},"line":11},"1":{"name":"parse_prefs","decl":{"start":{"line":37,"column":15},"end":{"line":37,"column":26}},"loc":{"start":{"line":37,"column":42},"end":{"line":58,"column":1}},"line":37},"2":{"name":"parse_cloth","decl":{"start":{"line":60,"column":15},"end":{"line":60,"column":26}},"loc":{"start":{"line":60,"column":36},"end":{"line":74,"column":1}},"line":60}},"branchMap":{"0":{"loc":{"start":{"line":13,"column":2},"end":{"line":28,"column":3}},"type":"if","locations":[{"start":{"line":13,"column":2},"end":{"line":28,"column":3}},{"start":{},"end":{}}],"line":13}},"s":{"0":1,"1":1,"2":2,"3":2,"4":1,"5":1,"6":1,"7":2,"8":2,"9":2,"10":2,"11":2,"12":2,"13":2,"14":2,"15":2,"16":2,"17":2,"18":1,"19":1,"20":1,"21":1,"22":1,"23":0},"f":{"0":2,"1":2,"2":1},"b":{"0":[1,1]},"inputSourceMap":null,"_coverageSchema":"1a1c01bbd47fc00a2c39e90264f33305004495a9","hash":"4131fb1a47c7cc06251b2cdabc24421d32f89de1"}
,"C:\\Users\\juang\\Desktop\\rbworkspace\\R-B-Workspace\\packages\\express-backend\\preferences.js": {"path":"C:\\Users\\juang\\Desktop\\rbworkspace\\R-B-Workspace\\packages\\express-backend\\preferences.js","statementMap":{"0":{"start":{"line":3,"column":19},"end":{"line":13,"column":1}},"1":{"start":{"line":15,"column":13},"end":{"line":15,"column":47}},"2":{"start":{"line":17,"column":0},"end":{"line":17,"column":28}},"3":{"start":{"line":18,"column":0},"end":{"line":20,"column":74}},"4":{"start":{"line":20,"column":20},"end":{"line":20,"column":72}},"5":{"start":{"line":23,"column":2},"end":{"line":23,"column":44}},"6":{"start":{"line":27,"column":19},"end":{"line":27,"column":64}},"7":{"start":{"line":28,"column":2},"end":{"line":32,"column":3}},"8":{"start":{"line":29,"column":4},"end":{"line":31,"column":6}},"9":{"start":{"line":30,"column":6},"end":{"line":30,"column":66}},"10":{"start":{"line":33,"column":2},"end":{"line":33,"column":67}}},"fnMap":{"0":{"name":"(anonymous_0)","decl":{"start":{"line":20,"column":9},"end":{"line":20,"column":10}},"loc":{"start":{"line":20,"column":20},"end":{"line":20,"column":72}},"line":20},"1":{"name":"getPreferences","decl":{"start":{"line":22,"column":15},"end":{"line":22,"column":29}},"loc":{"start":{"line":22,"column":39},"end":{"line":24,"column":1}},"line":22},"2":{"name":"updatePreferences","decl":{"start":{"line":26,"column":15},"end":{"line":26,"column":32}},"loc":{"start":{"line":26,"column":39},"end":{"line":34,"column":1}},"line":26},"3":{"name":"(anonymous_3)","decl":{"start":{"line":29,"column":35},"end":{"line":29,"column":36}},"loc":{"start":{"line":30,"column":6},"end":{"line":30,"column":66}},"line":30}},"branchMap":{"0":{"loc":{"start":{"line":28,"column":2},"end":{"line":32,"column":3}},"type":"if","locations":[{"start":{"line":28,"column":2},"end":{"line":32,"column":3}},{"start":{},"end":{}}],"line":28}},"s":{"0":1,"1":1,"2":1,"3":1,"4":1,"5":1,"6":3,"7":3,"8":2,"9":1,"10":1},"f":{"0":1,"1":1,"2":3,"3":1},"b":{"0":[2,1]},"inputSourceMap":null,"_coverageSchema":"1a1c01bbd47fc00a2c39e90264f33305004495a9","hash":"b7d59435cd00e6c40aad9a806fb813b24cbec928"}
,"C:\\Users\\juang\\Desktop\\rbworkspace\\R-B-Workspace\\packages\\express-backend\\wardrobe.js": {"path":"C:\\Users\\juang\\Desktop\\rbworkspace\\R-B-Workspace\\packages\\express-backend\\wardrobe.js","statementMap":{"0":{"start":{"line":3,"column":20},"end":{"line":17,"column":1}},"1":{"start":{"line":19,"column":14},"end":{"line":19,"column":50}},"2":{"start":{"line":21,"column":0},"end":{"line":21,"column":28}},"3":{"start":{"line":22,"column":0},"end":{"line":24,"column":74}},"4":{"start":{"line":24,"column":20},"end":{"line":24,"column":72}},"5":{"start":{"line":27,"column":2},"end":{"line":29,"column":4}},"6":{"start":{"line":28,"column":4},"end":{"line":28,"column":79}},"7":{"start":{"line":33,"column":2},"end":{"line":35,"column":4}},"8":{"start":{"line":34,"column":4},"end":{"line":34,"column":66}}},"fnMap":{"0":{"name":"(anonymous_0)","decl":{"start":{"line":24,"column":9},"end":{"line":24,"column":10}},"loc":{"start":{"line":24,"column":20},"end":{"line":24,"column":72}},"line":24},"1":{"name":"getWardrobe","decl":{"start":{"line":26,"column":9},"end":{"line":26,"column":20}},"loc":{"start":{"line":26,"column":30},"end":{"line":30,"column":1}},"line":26},"2":{"name":"(anonymous_2)","decl":{"start":{"line":27,"column":48},"end":{"line":27,"column":49}},"loc":{"start":{"line":28,"column":4},"end":{"line":28,"column":79}},"line":28},"3":{"name":"addCloth","decl":{"start":{"line":32,"column":9},"end":{"line":32,"column":17}},"loc":{"start":{"line":32,"column":25},"end":{"line":36,"column":1}},"line":32},"4":{"name":"(anonymous_4)","decl":{"start":{"line":33,"column":35},"end":{"line":33,"column":36}},"loc":{"start":{"line":34,"column":4},"end":{"line":34,"column":66}},"line":34}},"branchMap":{},"s":{"0":1,"1":1,"2":1,"3":1,"4":1,"5":2,"6":1,"7":2,"8":1},"f":{"0":1,"1":2,"2":1,"3":2,"4":1},"b":{},"inputSourceMap":null,"_coverageSchema":"1a1c01bbd47fc00a2c39e90264f33305004495a9","hash":"81331a39a0fd2e3a8700b4bf892c6286430d9512"}
}
