TN:
SF:backend.js
FN:11,(anonymous_0)
FN:15,(anonymous_1)
FN:19,(anonymous_2)
FN:30,(anonymous_3)
FN:42,(anonymous_4)
FN:51,(anonymous_5)
FNF:6
FNH:6
FNDA:1,(anonymous_0)
FNDA:1,(anonymous_1)
FNDA:1,(anonymous_2)
FNDA:1,(anonymous_3)
FNDA:1,(anonymous_4)
FNDA:1,(anonymous_5)
DA:6,1
DA:7,1
DA:9,1
DA:10,1
DA:11,1
DA:12,1
DA:15,1
DA:16,1
DA:19,1
DA:20,1
DA:22,1
DA:23,1
DA:24,1
DA:26,1
DA:27,1
DA:30,1
DA:31,1
DA:33,1
DA:34,1
DA:36,1
DA:39,1
DA:42,1
DA:43,1
DA:45,1
DA:47,1
DA:48,1
DA:51,1
DA:52,1
DA:54,1
DA:56,1
DA:57,1
LF:31
LH:31
BRF:0
BRH:0
end_of_record
TN:
SF:gemini.js
FN:11,main
FN:37,parse_prefs
FN:60,parse_cloth
FNF:3
FNH:3
FNDA:2,main
FNDA:2,parse_prefs
FNDA:1,parse_cloth
DA:8,1
DA:9,1
DA:12,2
DA:13,2
DA:14,1
DA:15,1
DA:16,1
DA:29,2
DA:30,2
DA:33,2
DA:34,2
DA:38,2
DA:39,2
DA:40,2
DA:41,2
DA:52,2
DA:56,2
DA:57,2
DA:61,1
DA:62,1
DA:63,1
DA:69,1
DA:70,1
DA:72,0
LF:24
LH:23
BRDA:13,0,0,1
BRDA:13,0,1,1
BRF:2
BRH:2
end_of_record
TN:
SF:preferences.js
FN:20,(anonymous_0)
FN:22,getPreferences
FN:26,updatePreferences
FN:29,(anonymous_3)
FNF:4
FNH:4
FNDA:1,(anonymous_0)
FNDA:1,getPreferences
FNDA:3,updatePreferences
FNDA:1,(anonymous_3)
DA:3,1
DA:15,1
DA:17,1
DA:18,1
DA:20,1
DA:23,1
DA:27,3
DA:28,3
DA:29,2
DA:30,1
DA:33,1
LF:11
LH:11
BRDA:28,0,0,2
BRDA:28,0,1,1
BRF:2
BRH:2
end_of_record
TN:
SF:wardrobe.js
FN:24,(anonymous_0)
FN:26,getWardrobe
FN:27,(anonymous_2)
FN:32,addCloth
FN:33,(anonymous_4)
FNF:5
FNH:5
FNDA:1,(anonymous_0)
FNDA:2,getWardrobe
FNDA:1,(anonymous_2)
FNDA:2,addCloth
FNDA:1,(anonymous_4)
DA:3,1
DA:19,1
DA:21,1
DA:22,1
DA:24,1
DA:27,2
DA:28,1
DA:33,2
DA:34,1
LF:9
LH:9
BRF:0
BRH:0
end_of_record
